<?xml version="1.0" encoding="UTF-8"?>
<!-- Generated by org.testng.reporters.JUnitReportReporter -->
<testsuite hostname="DESKTOP-HOED7JD" failures="0" tests="2" name="practice.hello" time="0.029" errors="0" timestamp="2024-01-24T11:09:47 IST" skipped="0">
  <testcase classname="practice.hello" name="pract" time="0.002"/>
  <system-out/>
  <testcase classname="practice.hello" name="pract2" time="0.027"/>
  <system-out/>
</testsuite> <!-- practice.hello -->
