<?xml version="1.0" encoding="UTF-8"?>
<!-- Generated by org.testng.reporters.JUnitReportReporter -->
<testsuite hostname="DESKTOP-HOED7JD" failures="0" tests="2" name="practice.today" time="0.005" errors="0" timestamp="2024-01-24T11:09:47 IST" skipped="0">
  <testcase classname="practice.today" name="Thursday" time="0.003"/>
  <system-out/>
  <testcase classname="practice.today" name="wednesday" time="0.002"/>
  <system-out/>
</testsuite> <!-- practice.today -->
